<?xml version="1.0" encoding="UTF-8"?>
<testsuite xmlns:xsi="http://www.w3.org/2001/XMLSchema-instance" xsi:noNamespaceSchemaLocation="https://maven.apache.org/surefire/maven-surefire-plugin/xsd/surefire-test-report-3.0.xsd" version="3.0" name="calc.DynamicCalculatorTest" time="0.078" tests="17" errors="0" skipped="0" failures="0">
  <properties>
[...]
</properties>
  <testcase name="dynamicMultiplicationTests" classname="calc.DynamicCalculatorTest" time="0.002"/>
  <testcase name="dynamicMultiplicationTests" classname="calc.DynamicCalculatorTest" time="0.0"/>
  <testcase name="dynamicMultiplicationTests" classname="calc.DynamicCalculatorTest" time="0.0"/>
  <testcase name="dynamicMultiplicationTests" classname="calc.DynamicCalculatorTest" time="0.0"/>
  <testcase name="dynamicSubtractionTests" classname="calc.DynamicCalculatorTest" time="0.0"/>
  <testcase name="dynamicSubtractionTests" classname="calc.DynamicCalculatorTest" time="0.0"/>
  <testcase name="dynamicSubtractionTests" classname="calc.DynamicCalculatorTest" time="0.0"/>
  <testcase name="dynamicSubtractionTests" classname="calc.DynamicCalculatorTest" time="0.001"/>
  <testcase name="dynamicDivisionTests" classname="calc.DynamicCalculatorTest" time="0.0"/>
  <testcase name="dynamicDivisionTests" classname="calc.DynamicCalculatorTest" time="0.0"/>
  <testcase name="dynamicDivisionTests" classname="calc.DynamicCalculatorTest" time="0.0"/>
  <testcase name="dynamicDivisionTests" classname="calc.DynamicCalculatorTest" time="0.0"/>
  <testcase name="dynamicDivisionTests" classname="calc.DynamicCalculatorTest" time="0.001"/>
  <testcase name="dynamicAdditionTests" classname="calc.DynamicCalculatorTest" time="0.001"/>
  <testcase name="dynamicAdditionTests" classname="calc.DynamicCalculatorTest" time="0.001"/>
  <testcase name="dynamicAdditionTests" classname="calc.DynamicCalculatorTest" time="0.0"/>
  <testcase name="dynamicAdditionTests" classname="calc.DynamicCalculatorTest" time="0.0"/>
</testsuite>